<?xml version="1.0" encoding="UTF-8"?>
<!-- Generated by org.testng.reporters.JUnitXMLReporter -->
<testsuite ignored="0" hostname="mohal" failures="0" tests="4" name="Default test" time="25.417" errors="0" timestamp="2023-10-10T08:59:43 IST">
  <testcase classname="api.testCases.UserTests" name="testPostUser" time="16.572"/>
  <testcase classname="api.testCases.UserTests" name="testGetUserByName" time="2.676"/>
  <testcase classname="api.testCases.UserTests" name="testUpdateUserByName" time="2.712"/>
  <testcase classname="api.testCases.UserTests" name="testDeleteUserByName" time="1.327"/>
</testsuite> <!-- Default test -->
