<?xml version="1.0" encoding="UTF-8"?>
<!-- Generated by org.testng.reporters.JUnitXMLReporter -->
<testsuite ignored="0" hostname="mohal" failures="2" tests="3" name="Test" time="8.515" errors="0" timestamp="2024-09-02T13:34:25 IST">
  <testcase classname="api.testCases.UserTests" name="testPostUser" time="4.446">
    <failure type="java.lang.NullPointerException" message="Cannot invoke &amp;quot;java.lang.Integer.intValue()&amp;quot; because the return value of &amp;quot;io.restassured.internal.common.path.ObjectConverter.convertObjectTo(Object, java.lang.Class)&amp;quot; is null">
      <![CDATA[java.lang.NullPointerException: Cannot invoke "java.lang.Integer.intValue()" because the return value of "io.restassured.internal.common.path.ObjectConverter.convertObjectTo(Object, java.lang.Class)" is null
at io.restassured.path.json.JsonPath.getInt(JsonPath.java:245)
at api.testCases.UserTests.testPostUser(UserTests.java:51)
at java.base/java.util.ArrayList.forEach(ArrayList.java:1511)
... Removed 27 stack frames]]>
    </failure>
  </testcase> <!-- testPostUser -->
  <testcase classname="api.testCases.UserTests" name="testGetUserByName" time="1.277">
    <failure type="java.lang.AssertionError" message="expected [ram] but found [randy.harvey]">
      <![CDATA[java.lang.AssertionError: expected [ram] but found [randy.harvey]
at api.testCases.UserTests.testGetUserByName(UserTests.java:82)
at java.base/java.util.ArrayList.forEach(ArrayList.java:1511)
... Removed 32 stack frames]]>
    </failure>
  </testcase> <!-- testGetUserByName -->
  <testcase classname="api.testCases.UserTests" name="testDeleteUserByName" time="1.118"/>
</testsuite> <!-- Test -->
